<?xml version="1.0" encoding="UTF-8"?>
<testsuite xmlns:xsi="http://www.w3.org/2001/XMLSchema-instance" xsi:noNamespaceSchemaLocation="https://maven.apache.org/surefire/maven-surefire-plugin/xsd/surefire-test-report.xsd" version="3.0.2" name="com.automation.runner.TestRunner" time="9.789" tests="9" errors="0" skipped="0" failures="1">
  <properties>
[...]
</properties>
  <testcase name="Verify user can create a user" classname="Validate the post request" time="1.992">
    <system-out><![CDATA[Request method:	POST
Request URI:	https://reqres.in/api/users
Proxy:			<none>
Request params:	<none>
Query params:	<none>
Form params:	<none>
Path params:	<none>
Headers:		Accept=*/*
				Content-Type=application/json
Cookies:		<none>
Multiparts:		<none>
Body:
{
    "name": "morpheus",
    "job": "leader"
}
HTTP/1.1 201 Created
Date: Sat, 03 Aug 2024 07:32:17 GMT
Content-Type: application/json; charset=utf-8
Content-Length: 84
Connection: keep-alive
Report-To: {"group":"heroku-nel","max_age":3600,"endpoints":[{"url":"https://nel.heroku.com/reports?ts=1722670337&sid=c4c9725f-1ab0-44d8-820f-430df2718e11&s=emPze3l3xPTXWqg3IXvjlA5oYBPsL6RJyFMXLXYgM8s%3D"}]}
Reporting-Endpoints: heroku-nel=https://nel.heroku.com/reports?ts=1722670337&sid=c4c9725f-1ab0-44d8-820f-430df2718e11&s=emPze3l3xPTXWqg3IXvjlA5oYBPsL6RJyFMXLXYgM8s%3D
Nel: {"report_to":"heroku-nel","max_age":3600,"success_fraction":0.005,"failure_fraction":0.05,"response_headers":["Via"]}
X-Powered-By: Express
Access-Control-Allow-Origin: *
Etag: W/"54-NEIIQMQIEWyMZDm7ubPX4CS/cuE"
Via: 1.1 vegur
CF-Cache-Status: DYNAMIC
Server: cloudflare
CF-RAY: 8ad49ce7ff187f60-MAA

{
    "name": "morpheus",
    "job": "leader",
    "id": "750",
    "createdAt": "2024-08-03T07:32:17.528Z"
}
]]></system-out>
  </testcase>
  <testcase name="Verify user can delete a user" classname="Validate the delete request" time="1.661">
    <system-out><![CDATA[Request method:	POST
Request URI:	https://reqres.in/api/users
Proxy:			<none>
Request params:	<none>
Query params:	<none>
Form params:	<none>
Path params:	<none>
Headers:		Accept=*/*
				Content-Type=application/json
Cookies:		<none>
Multiparts:		<none>
Body:
{
    "name": "morpheus",
    "job": "leader"
}
HTTP/1.1 201 Created
Date: Sat, 03 Aug 2024 07:32:18 GMT
Content-Type: application/json; charset=utf-8
Content-Length: 84
Connection: keep-alive
Report-To: {"group":"heroku-nel","max_age":3600,"endpoints":[{"url":"https://nel.heroku.com/reports?ts=1722670338&sid=c4c9725f-1ab0-44d8-820f-430df2718e11&s=Yfsb%2FEu6Vwk9oGAOL3UrNb%2F%2Bn%2F5jZ3gbSC0E31FbbAc%3D"}]}
Reporting-Endpoints: heroku-nel=https://nel.heroku.com/reports?ts=1722670338&sid=c4c9725f-1ab0-44d8-820f-430df2718e11&s=Yfsb%2FEu6Vwk9oGAOL3UrNb%2F%2Bn%2F5jZ3gbSC0E31FbbAc%3D
Nel: {"report_to":"heroku-nel","max_age":3600,"success_fraction":0.005,"failure_fraction":0.05,"response_headers":["Via"]}
X-Powered-By: Express
Access-Control-Allow-Origin: *
Etag: W/"54-wTOzf/3XnDnb232VM3/7esnq6MY"
Via: 1.1 vegur
CF-Cache-Status: DYNAMIC
Server: cloudflare
CF-RAY: 8ad49cec2d067fda-MAA

{
    "name": "morpheus",
    "job": "leader",
    "id": "371",
    "createdAt": "2024-08-03T07:32:18.182Z"
}
Request method:	DELETE
Request URI:	https://reqres.in/api/users/371
Proxy:			<none>
Request params:	<none>
Query params:	<none>
Form params:	<none>
Path params:	<none>
Headers:		Accept=*/*
				Content-Type=application/json
Cookies:		<none>
Multiparts:		<none>
Body:
{
    "name": "morpheus",
    "job": "leader"
}
HTTP/1.1 204 No Content
Date: Sat, 03 Aug 2024 07:32:19 GMT
Content-Length: 0
Connection: keep-alive
Report-To: {"group":"heroku-nel","max_age":3600,"endpoints":[{"url":"https://nel.heroku.com/reports?ts=1722670339&sid=c4c9725f-1ab0-44d8-820f-430df2718e11&s=RlnqzPkeyjaztc%2Bhj%2FI0Zmge%2FD3hFPF7%2FIrDTKcbQlo%3D"}]}
Reporting-Endpoints: heroku-nel=https://nel.heroku.com/reports?ts=1722670339&sid=c4c9725f-1ab0-44d8-820f-430df2718e11&s=RlnqzPkeyjaztc%2Bhj%2FI0Zmge%2FD3hFPF7%2FIrDTKcbQlo%3D
Nel: {"report_to":"heroku-nel","max_age":3600,"success_fraction":0.005,"failure_fraction":0.05,"response_headers":["Via"]}
X-Powered-By: Express
Access-Control-Allow-Origin: *
Etag: W/"2-vyGp6PvFo4RvsFtPoIWeCReyIC8"
Via: 1.1 vegur
CF-Cache-Status: DYNAMIC
Server: cloudflare
CF-RAY: 8ad49cf2cf7a7fce-MAA
]]></system-out>
  </testcase>
  <testcase name="Verify user can get a user" classname="Validate the get request" time="1.301">
    <failure message="expected:&lt;200&gt; but was:&lt;404&gt;" type="java.lang.AssertionError"><![CDATA[java.lang.AssertionError: expected:<200> but was:<404>
	at org.junit.Assert.fail(Assert.java:88)
	at org.junit.Assert.failNotEquals(Assert.java:834)
	at org.junit.Assert.assertEquals(Assert.java:645)
	at org.junit.Assert.assertEquals(Assert.java:631)
	at com.automation.steps.ResponseSteps.verify_status_code_is(ResponseSteps.java:13)
	at ✽.verify status code is 200(file:///C:/UST_Java/TestMainRestAssured/src/test/resources/features/get_user.feature:13)
]]></failure>
    <system-out><![CDATA[Request method:	POST
Request URI:	https://reqres.in/api/users
Proxy:			<none>
Request params:	<none>
Query params:	<none>
Form params:	<none>
Path params:	<none>
Headers:		Accept=*/*
				Content-Type=application/json
Cookies:		<none>
Multiparts:		<none>
Body:
{
    "name": "morpheus",
    "job": "leader"
}
HTTP/1.1 201 Created
Date: Sat, 03 Aug 2024 07:32:19 GMT
Content-Type: application/json; charset=utf-8
Content-Length: 84
Connection: keep-alive
Report-To: {"group":"heroku-nel","max_age":3600,"endpoints":[{"url":"https://nel.heroku.com/reports?ts=1722670339&sid=c4c9725f-1ab0-44d8-820f-430df2718e11&s=RlnqzPkeyjaztc%2Bhj%2FI0Zmge%2FD3hFPF7%2FIrDTKcbQlo%3D"}]}
Reporting-Endpoints: heroku-nel=https://nel.heroku.com/reports?ts=1722670339&sid=c4c9725f-1ab0-44d8-820f-430df2718e11&s=RlnqzPkeyjaztc%2Bhj%2FI0Zmge%2FD3hFPF7%2FIrDTKcbQlo%3D
Nel: {"report_to":"heroku-nel","max_age":3600,"success_fraction":0.005,"failure_fraction":0.05,"response_headers":["Via"]}
X-Powered-By: Express
Access-Control-Allow-Origin: *
Etag: W/"54-tvzU3QbdDT3JXmiJWzi9oXGPa+Y"
Via: 1.1 vegur
CF-Cache-Status: DYNAMIC
Server: cloudflare
CF-RAY: 8ad49cf6cf259135-MAA

{
    "name": "morpheus",
    "job": "leader",
    "id": "459",
    "createdAt": "2024-08-03T07:32:19.908Z"
}
Request method:	GET
Request URI:	https://reqres.in/api/users/459
Proxy:			<none>
Request params:	<none>
Query params:	<none>
Form params:	<none>
Path params:	<none>
Headers:		Accept=*/*
				Content-Type=application/json
Cookies:		<none>
Multiparts:		<none>
Body:
{
    "name": "morpheus",
    "job": "leader"
}
HTTP/1.1 404 Not Found
Date: Sat, 03 Aug 2024 07:32:20 GMT
Content-Type: application/json; charset=utf-8
Content-Length: 2
Connection: keep-alive
Report-To: {"group":"heroku-nel","max_age":3600,"endpoints":[{"url":"https://nel.heroku.com/reports?ts=1722670340&sid=c4c9725f-1ab0-44d8-820f-430df2718e11&s=mESIpESAHUr53prxyP3pr8JeAq%2BAWmCeqjj5OBv9i%2FI%3D"}]}
Reporting-Endpoints: heroku-nel=https://nel.heroku.com/reports?ts=1722670340&sid=c4c9725f-1ab0-44d8-820f-430df2718e11&s=mESIpESAHUr53prxyP3pr8JeAq%2BAWmCeqjj5OBv9i%2FI%3D
Nel: {"report_to":"heroku-nel","max_age":3600,"success_fraction":0.005,"failure_fraction":0.05,"response_headers":["Via"]}
X-Powered-By: Express
Access-Control-Allow-Origin: *
Etag: W/"2-vyGp6PvFo4RvsFtPoIWeCReyIC8"
Via: 1.1 vegur
Cache-Control: max-age=14400
CF-Cache-Status: MISS
Vary: Accept-Encoding
Server: cloudflare
CF-RAY: 8ad49cfadffe178a-MAA

{
    
}
]]></system-out>
  </testcase>
  <testcase name="Verify user can get list of user" classname="Validate the get request" time="0.292">
    <system-out><![CDATA[Request method:	GET
Request URI:	https://reqres.in/api/users?page=2
Proxy:			<none>
Request params:	<none>
Query params:	<none>
Form params:	<none>
Path params:	<none>
Headers:		Accept=*/*
				Content-Type=application/json
Cookies:		<none>
Multiparts:		<none>
Body:
{
    "name": "morpheus",
    "job": "leader"
}
HTTP/1.1 200 OK
Date: Sat, 03 Aug 2024 07:32:20 GMT
Content-Type: application/json; charset=utf-8
Transfer-Encoding: chunked
Connection: keep-alive
Report-To: {"group":"heroku-nel","max_age":3600,"endpoints":[{"url":"https://nel.heroku.com/reports?ts=1722641705&sid=c4c9725f-1ab0-44d8-820f-430df2718e11&s=z8x41EiQDZM7PPcNxl1pAPUNGmz4ByPGUdTQK556ZkU%3D"}]}
Reporting-Endpoints: heroku-nel=https://nel.heroku.com/reports?ts=1722641705&sid=c4c9725f-1ab0-44d8-820f-430df2718e11&s=z8x41EiQDZM7PPcNxl1pAPUNGmz4ByPGUdTQK556ZkU%3D
Nel: {"report_to":"heroku-nel","max_age":3600,"success_fraction":0.005,"failure_fraction":0.05,"response_headers":["Via"]}
X-Powered-By: Express
Access-Control-Allow-Origin: *
Etag: W/"406-ut0vzoCuidvyMf8arZpMpJ6ZRDw"
Via: 1.1 vegur
Cache-Control: max-age=14400
CF-Cache-Status: HIT
Age: 6972
Vary: Accept-Encoding
Server: cloudflare
CF-RAY: 8ad49cfedb5b7ee0-MAA
Content-Encoding: gzip

{
    "page": 2,
    "per_page": 6,
    "total": 12,
    "total_pages": 2,
    "data": [
        {
            "id": 7,
            "email": "michael.lawson@reqres.in",
            "first_name": "Michael",
            "last_name": "Lawson",
            "avatar": "https://reqres.in/img/faces/7-image.jpg"
        },
        {
            "id": 8,
            "email": "lindsay.ferguson@reqres.in",
            "first_name": "Lindsay",
            "last_name": "Ferguson",
            "avatar": "https://reqres.in/img/faces/8-image.jpg"
        },
        {
            "id": 9,
            "email": "tobias.funke@reqres.in",
            "first_name": "Tobias",
            "last_name": "Funke",
            "avatar": "https://reqres.in/img/faces/9-image.jpg"
        },
        {
            "id": 10,
            "email": "byron.fields@reqres.in",
            "first_name": "Byron",
            "last_name": "Fields",
            "avatar": "https://reqres.in/img/faces/10-image.jpg"
        },
        {
            "id": 11,
            "email": "george.edwards@reqres.in",
            "first_name": "George",
            "last_name": "Edwards",
            "avatar": "https://reqres.in/img/faces/11-image.jpg"
        },
        {
            "id": 12,
            "email": "rachel.howell@reqres.in",
            "first_name": "Rachel",
            "last_name": "Howell",
            "avatar": "https://reqres.in/img/faces/12-image.jpg"
        }
    ],
    "support": {
        "url": "https://reqres.in/#support-heading",
        "text": "To keep ReqRes free, contributions towards server costs are appreciated!"
    }
}
]]></system-out>
  </testcase>
  <testcase name="Verify user cannot register with invalid credentials #1" classname="Validate register request" time="0.817">
    <system-out><![CDATA[Request method:	POST
Request URI:	https://reqres.in/api/register?page=2
Proxy:			<none>
Request params:	<none>
Query params:	page=2
Form params:	<none>
Path params:	<none>
Headers:		Accept=*/*
				Content-Type=application/json
Cookies:		<none>
Multiparts:		<none>
Body:
{
    "email": "test@yhl.com",
    "password": "password"
}
HTTP/1.1 400 Bad Request
Date: Sat, 03 Aug 2024 07:32:21 GMT
Content-Type: application/json; charset=utf-8
Content-Length: 57
Connection: keep-alive
Report-To: {"group":"heroku-nel","max_age":3600,"endpoints":[{"url":"https://nel.heroku.com/reports?ts=1722670341&sid=c4c9725f-1ab0-44d8-820f-430df2718e11&s=437eRUMcSVMwFcgzM25rKpWOkS%2BK6HajzWoQnaaYc1I%3D"}]}
Reporting-Endpoints: heroku-nel=https://nel.heroku.com/reports?ts=1722670341&sid=c4c9725f-1ab0-44d8-820f-430df2718e11&s=437eRUMcSVMwFcgzM25rKpWOkS%2BK6HajzWoQnaaYc1I%3D
Nel: {"report_to":"heroku-nel","max_age":3600,"success_fraction":0.005,"failure_fraction":0.05,"response_headers":["Via"]}
X-Powered-By: Express
Access-Control-Allow-Origin: *
Etag: W/"39-6jrJxn+7f+pQUhbPgNMst7tagpA"
Via: 1.1 vegur
CF-Cache-Status: DYNAMIC
Server: cloudflare
CF-RAY: 8ad49d01eb713978-MAA

{
    "error": "Note: Only defined users succeed registration"
}
]]></system-out>
  </testcase>
  <testcase name="Verify user cannot register with invalid credentials #2" classname="Validate register request" time="0.613">
    <system-out><![CDATA[Request method:	POST
Request URI:	https://reqres.in/api/register?page=2
Proxy:			<none>
Request params:	<none>
Query params:	page=2
Form params:	<none>
Path params:	<none>
Headers:		Accept=*/*
				Content-Type=application/json
Cookies:		<none>
Multiparts:		<none>
Body:
{
    "email": "testdata@gmail.com",
    "password": "password123"
}
HTTP/1.1 400 Bad Request
Date: Sat, 03 Aug 2024 07:32:22 GMT
Content-Type: application/json; charset=utf-8
Content-Length: 57
Connection: keep-alive
Report-To: {"group":"heroku-nel","max_age":3600,"endpoints":[{"url":"https://nel.heroku.com/reports?ts=1722670342&sid=c4c9725f-1ab0-44d8-820f-430df2718e11&s=Lfogt2BMxPqoY08BApepqPi9hpwGvGfxTgejizIC3po%3D"}]}
Reporting-Endpoints: heroku-nel=https://nel.heroku.com/reports?ts=1722670342&sid=c4c9725f-1ab0-44d8-820f-430df2718e11&s=Lfogt2BMxPqoY08BApepqPi9hpwGvGfxTgejizIC3po%3D
Nel: {"report_to":"heroku-nel","max_age":3600,"success_fraction":0.005,"failure_fraction":0.05,"response_headers":["Via"]}
X-Powered-By: Express
Access-Control-Allow-Origin: *
Etag: W/"39-6jrJxn+7f+pQUhbPgNMst7tagpA"
Via: 1.1 vegur
CF-Cache-Status: DYNAMIC
Server: cloudflare
CF-RAY: 8ad49d05bdbda931-MAA

{
    "error": "Note: Only defined users succeed registration"
}
]]></system-out>
  </testcase>
  <testcase name="Verify user cannot register with invalid credentials #3" classname="Validate register request" time="0.619">
    <system-out><![CDATA[Request method:	POST
Request URI:	https://reqres.in/api/register?page=2
Proxy:			<none>
Request params:	<none>
Query params:	page=2
Form params:	<none>
Path params:	<none>
Headers:		Accept=*/*
				Content-Type=application/json
Cookies:		<none>
Multiparts:		<none>
Body:
{
    "email": "user12@gmal.cm",
    "password": "password323"
}
HTTP/1.1 400 Bad Request
Date: Sat, 03 Aug 2024 07:32:22 GMT
Content-Type: application/json; charset=utf-8
Content-Length: 57
Connection: keep-alive
Report-To: {"group":"heroku-nel","max_age":3600,"endpoints":[{"url":"https://nel.heroku.com/reports?ts=1722670342&sid=c4c9725f-1ab0-44d8-820f-430df2718e11&s=Lfogt2BMxPqoY08BApepqPi9hpwGvGfxTgejizIC3po%3D"}]}
Reporting-Endpoints: heroku-nel=https://nel.heroku.com/reports?ts=1722670342&sid=c4c9725f-1ab0-44d8-820f-430df2718e11&s=Lfogt2BMxPqoY08BApepqPi9hpwGvGfxTgejizIC3po%3D
Nel: {"report_to":"heroku-nel","max_age":3600,"success_fraction":0.005,"failure_fraction":0.05,"response_headers":["Via"]}
X-Powered-By: Express
Access-Control-Allow-Origin: *
Etag: W/"39-6jrJxn+7f+pQUhbPgNMst7tagpA"
Via: 1.1 vegur
CF-Cache-Status: DYNAMIC
Server: cloudflare
CF-RAY: 8ad49d098ddc7f7b-MAA

{
    "error": "Note: Only defined users succeed registration"
}
]]></system-out>
  </testcase>
  <testcase name="Verify user cannot register with invalid credentials #4" classname="Validate register request" time="0.587">
    <system-out><![CDATA[Request method:	POST
Request URI:	https://reqres.in/api/register?page=2
Proxy:			<none>
Request params:	<none>
Query params:	page=2
Form params:	<none>
Path params:	<none>
Headers:		Accept=*/*
				Content-Type=application/json
Cookies:		<none>
Multiparts:		<none>
Body:
{
    "email": "test13s@yahoo.com",
    "password": "Admin!23"
}
HTTP/1.1 400 Bad Request
Date: Sat, 03 Aug 2024 07:32:23 GMT
Content-Type: application/json; charset=utf-8
Content-Length: 57
Connection: keep-alive
Report-To: {"group":"heroku-nel","max_age":3600,"endpoints":[{"url":"https://nel.heroku.com/reports?ts=1722670343&sid=c4c9725f-1ab0-44d8-820f-430df2718e11&s=%2Fe%2BGaRxYetZqPLu7AmFbk%2FR2beyLfa2DLAXLWbkZHD0%3D"}]}
Reporting-Endpoints: heroku-nel=https://nel.heroku.com/reports?ts=1722670343&sid=c4c9725f-1ab0-44d8-820f-430df2718e11&s=%2Fe%2BGaRxYetZqPLu7AmFbk%2FR2beyLfa2DLAXLWbkZHD0%3D
Nel: {"report_to":"heroku-nel","max_age":3600,"success_fraction":0.005,"failure_fraction":0.05,"response_headers":["Via"]}
X-Powered-By: Express
Access-Control-Allow-Origin: *
Etag: W/"39-6jrJxn+7f+pQUhbPgNMst7tagpA"
Via: 1.1 vegur
CF-Cache-Status: DYNAMIC
Server: cloudflare
CF-RAY: 8ad49d0d6e61179e-MAA

{
    "error": "Note: Only defined users succeed registration"
}
]]></system-out>
  </testcase>
  <testcase name="Verify user can update a user" classname="Validate the update request" time="1.246">
    <system-out><![CDATA[Request method:	POST
Request URI:	https://reqres.in/api/users?page=2
Proxy:			<none>
Request params:	<none>
Query params:	page=2
Form params:	<none>
Path params:	<none>
Headers:		Accept=*/*
				Content-Type=application/json
Cookies:		<none>
Multiparts:		<none>
Body:
{
    "name": "morpheus",
    "job": "leader"
}
HTTP/1.1 201 Created
Date: Sat, 03 Aug 2024 07:32:24 GMT
Content-Type: application/json; charset=utf-8
Content-Length: 84
Connection: keep-alive
Report-To: {"group":"heroku-nel","max_age":3600,"endpoints":[{"url":"https://nel.heroku.com/reports?ts=1722670344&sid=c4c9725f-1ab0-44d8-820f-430df2718e11&s=qu7mwJ7jKwnJytPhon%2B%2B1MZHLN%2FfEDsnWjlzdF9ywD4%3D"}]}
Reporting-Endpoints: heroku-nel=https://nel.heroku.com/reports?ts=1722670344&sid=c4c9725f-1ab0-44d8-820f-430df2718e11&s=qu7mwJ7jKwnJytPhon%2B%2B1MZHLN%2FfEDsnWjlzdF9ywD4%3D
Nel: {"report_to":"heroku-nel","max_age":3600,"success_fraction":0.005,"failure_fraction":0.05,"response_headers":["Via"]}
X-Powered-By: Express
Access-Control-Allow-Origin: *
Etag: W/"54-mpKL0eQvUts5maEuzTsQmnlnCxo"
Via: 1.1 vegur
CF-Cache-Status: DYNAMIC
Server: cloudflare
CF-RAY: 8ad49d114f9f7fb9-MAA

{
    "name": "morpheus",
    "job": "leader",
    "id": "939",
    "createdAt": "2024-08-03T07:32:24.142Z"
}
Request method:	PUT
Request URI:	https://reqres.in/api/users/939?page=2
Proxy:			<none>
Request params:	<none>
Query params:	page=2
Form params:	<none>
Path params:	<none>
Headers:		Accept=*/*
				Content-Type=application/json
Cookies:		<none>
Multiparts:		<none>
Body:
{
    "name": "morpheus",
    "job": "developer"
}
HTTP/1.1 200 OK
Date: Sat, 03 Aug 2024 07:32:24 GMT
Content-Type: application/json; charset=utf-8
Transfer-Encoding: chunked
Connection: keep-alive
Report-To: {"group":"heroku-nel","max_age":3600,"endpoints":[{"url":"https://nel.heroku.com/reports?ts=1722670344&sid=c4c9725f-1ab0-44d8-820f-430df2718e11&s=qu7mwJ7jKwnJytPhon%2B%2B1MZHLN%2FfEDsnWjlzdF9ywD4%3D"}]}
Reporting-Endpoints: heroku-nel=https://nel.heroku.com/reports?ts=1722670344&sid=c4c9725f-1ab0-44d8-820f-430df2718e11&s=qu7mwJ7jKwnJytPhon%2B%2B1MZHLN%2FfEDsnWjlzdF9ywD4%3D
Nel: {"report_to":"heroku-nel","max_age":3600,"success_fraction":0.005,"failure_fraction":0.05,"response_headers":["Via"]}
X-Powered-By: Express
Access-Control-Allow-Origin: *
Etag: W/"4c-GhHQ5OhRg0uSS75OmcInBMyR5eA"
Via: 1.1 vegur
CF-Cache-Status: DYNAMIC
Vary: Accept-Encoding
Server: cloudflare
CF-RAY: 8ad49d152e7c7f99-MAA
Content-Encoding: gzip

{
    "name": "morpheus",
    "job": "developer",
    "updatedAt": "2024-08-03T07:32:24.760Z"
}
]]></system-out>
  </testcase>
</testsuite>